<?xml version="1.0" encoding="UTF-8"?>
<testsuite hostname="vnvpc130" name="SeleniumGrid.SeleniumGridTest" tests="1" failures="0" timestamp="6 Jun 2012 09:30:49 GMT" time="1.041" errors="0">
  <testcase name="@BeforeClass beforeClass" time="0.0" classname="SeleniumGrid.SeleniumGridTest">
    <failure type="java.lang.RuntimeException" message="Could not contact Selenium Server; have you started it on &amp;apos;localhost:5556&amp;apos; ?
Read more at http://seleniumhq.org/projects/remote-control/not-started.html
Connection refused: connect">
      <![CDATA[java.lang.RuntimeException: Could not contact Selenium Server; have you started it on 'localhost:5556' ?
Read more at http://seleniumhq.org/projects/remote-control/not-started.html
Connection refused: connect
	at com.thoughtworks.selenium.DefaultSelenium.start(DefaultSelenium.java:102)
	at SeleniumGrid.SeleniumGridTest.beforeClass(SeleniumGridTest.java:21)
... Removed 24 stack frames]]>
    </failure>
  </testcase>
  <testcase name="@AfterClass afterClass" time="0.0" classname="SeleniumGrid.SeleniumGridTest">
    <skipped/>
  </testcase>
  <testcase name="testGoogleSearch" time="0.0" classname="SeleniumGrid.SeleniumGridTest">
    <skipped/>
  </testcase>
</testsuite>
